<?xml version="1.0" encoding="UTF-8"?>
<!-- Generated by org.testng.reporters.JUnitReportReporter -->
<testsuite hostname="LTIN192410" failures="0" tests="1" name="testRunner.TestRunner" time="0.384" errors="0" timestamp="2024-04-19T11:31:01 IST" skipped="0">
  <testcase classname="testRunner.TestRunner" name="runScenario" time="0.384"/>
</testsuite> <!-- testRunner.TestRunner -->
