<?xml version="1.0" encoding="UTF-8"?>
<!-- Generated by org.testng.reporters.JUnitReportReporter -->
<testsuite hostname="LTIN192410" failures="0" tests="1" name="testRunner.testRunnertestNG" time="79.706" errors="0" timestamp="2024-05-07T11:25:41 IST" skipped="0">
  <testcase classname="testRunner.testRunnertestNG" name="runScenario" time="79.706"/>
</testsuite> <!-- testRunner.testRunnertestNG -->
